<?xml version="1.0" encoding="UTF-8"?>
<!-- Generated by org.testng.reporters.JUnitReportReporter -->
<testsuite skipped="0" hostname="DESKTOP-E5Q88GK" name="com.myframework.newClass" tests="1" failures="0" timestamp="2023-01-02T12:32:44 IST" time="85.686" errors="0">
  <testcase name="verifySearchResultForPoloWomen" time="85.686" classname="com.myframework.newClass"/>
  <system-out/>
</testsuite> <!-- com.myframework.newClass -->
