<?xml version="1.0" encoding="UTF-8"?>
<!-- Generated by org.testng.reporters.JUnitReportReporter -->
<testsuite hostname="DESKTOP-QCKGHN1" failures="0" tests="1" name="com.myframework.newClass" time="13.261" errors="0" timestamp="2022-12-29T22:49:53 IST" skipped="0">
  <testcase classname="com.myframework.newClass" name="verifySearchResultForPoloWomen" time="13.261"/>
  <system-out/>
</testsuite> <!-- com.myframework.newClass -->
