<?xml version="1.0" encoding="UTF-8"?>
<!-- Generated by org.testng.reporters.JUnitReportReporter -->
<testsuite skipped="0" hostname="DESKTOP-E5Q88GK" name="com.myframework.ProductTests" tests="1" failures="0" timestamp="2022-12-30T11:47:13 IST" time="40.644" errors="0">
  <testcase name="verifySearchResultForPoloMen" time="40.644" classname="com.myframework.ProductTests"/>
  <system-out/>
</testsuite> <!-- com.myframework.ProductTests -->
