<?xml version="1.0" encoding="UTF-8"?>
<!-- Generated by org.testng.reporters.JUnitReportReporter -->
<testsuite skipped="0" hostname="DESKTOP-E5Q88GK" name="com.myframework.ProductTests" tests="2" failures="0" timestamp="2023-01-02T12:29:33 IST" time="120.897" errors="0">
  <testcase name="verifyFilter" time="2.937" classname="com.myframework.ProductTests"/>
  <system-out/>
  <testcase name="verifySearchResultForPoloMen" time="117.960" classname="com.myframework.ProductTests"/>
  <system-out/>
</testsuite> <!-- com.myframework.ProductTests -->
