<?xml version="1.0" encoding="UTF-8"?>
<!-- Generated by org.testng.reporters.JUnitReportReporter -->
<testsuite hostname="DESKTOP-QCKGHN1" failures="0" tests="1" name="com.myframework.ProductTests" time="11.707" errors="0" timestamp="2022-12-29T22:20:18 IST" skipped="0">
  <testcase classname="com.myframework.ProductTests" name="verifySearchResultForPoloMen" time="11.707"/>
  <system-out/>
</testsuite> <!-- com.myframework.ProductTests -->
